<?xml version="1.0" encoding="UTF-8"?>
<!-- Generated by org.testng.reporters.JUnitReportReporter -->
<testsuite skipped="8" hostname="APc" name="co.edu.icesi.TemaTest" tests="8" failures="0" timestamp="2020-05-12T17:40:58 COT" time="0.000" errors="0">
  <testcase name="testSaveTemaNull" time="0.000" classname="co.edu.icesi.TemaTest">
    <skipped/>
  </testcase> <!-- testSaveTemaNull -->
  <testcase name="testEditTemaNull" time="0.000" classname="co.edu.icesi.TemaTest">
    <skipped/>
  </testcase> <!-- testEditTemaNull -->
  <testcase name="testSaveTema" time="0.000" classname="co.edu.icesi.TemaTest">
    <skipped/>
  </testcase> <!-- testSaveTema -->
  <testcase name="testEditTemaSpringZero" time="0.000" classname="co.edu.icesi.TemaTest">
    <skipped/>
  </testcase> <!-- testEditTemaSpringZero -->
  <testcase name="testSaveTemaSpringZero" time="0.000" classname="co.edu.icesi.TemaTest">
    <skipped/>
  </testcase> <!-- testSaveTemaSpringZero -->
  <testcase name="testEditTemaGroupsZero" time="0.000" classname="co.edu.icesi.TemaTest">
    <skipped/>
  </testcase> <!-- testEditTemaGroupsZero -->
  <testcase name="testSaveTemaGroupsZero" time="0.000" classname="co.edu.icesi.TemaTest">
    <skipped/>
  </testcase> <!-- testSaveTemaGroupsZero -->
  <testcase name="testEditTema" time="0.000" classname="co.edu.icesi.TemaTest">
    <skipped/>
  </testcase> <!-- testEditTema -->
</testsuite> <!-- co.edu.icesi.TemaTest -->
