<?xml version="1.0" encoding="UTF-8"?>
<!-- Generated by org.testng.reporters.JUnitReportReporter -->
<testsuite skipped="12" hostname="APc" name="co.edu.icesi.storyTest" tests="12" failures="0" timestamp="2020-05-12T17:40:58 COT" time="0.000" errors="0">
  <testcase name="testSaveStorySprintInitZero" time="0.000" classname="co.edu.icesi.storyTest">
    <skipped/>
  </testcase> <!-- testSaveStorySprintInitZero -->
  <testcase name="testSaveStoryValueBusinessZero" time="0.000" classname="co.edu.icesi.storyTest">
    <skipped/>
  </testcase> <!-- testSaveStoryValueBusinessZero -->
  <testcase name="testEditStory" time="0.000" classname="co.edu.icesi.storyTest">
    <skipped/>
  </testcase> <!-- testEditStory -->
  <testcase name="testSaveStoryNull" time="0.000" classname="co.edu.icesi.storyTest">
    <skipped/>
  </testcase> <!-- testSaveStoryNull -->
  <testcase name="testSaveStoryExist" time="0.000" classname="co.edu.icesi.storyTest">
    <skipped/>
  </testcase> <!-- testSaveStoryExist -->
  <testcase name="testEditStoryGameNotExist" time="0.000" classname="co.edu.icesi.storyTest">
    <skipped/>
  </testcase> <!-- testEditStoryGameNotExist -->
  <testcase name="testSaveStory" time="0.000" classname="co.edu.icesi.storyTest">
    <skipped/>
  </testcase> <!-- testSaveStory -->
  <testcase name="testEditStoryValueBusinessZero" time="0.000" classname="co.edu.icesi.storyTest">
    <skipped/>
  </testcase> <!-- testEditStoryValueBusinessZero -->
  <testcase name="testEditStorySprintInitZero" time="0.000" classname="co.edu.icesi.storyTest">
    <skipped/>
  </testcase> <!-- testEditStorySprintInitZero -->
  <testcase name="testEditStoryPriorityZero" time="0.000" classname="co.edu.icesi.storyTest">
    <skipped/>
  </testcase> <!-- testEditStoryPriorityZero -->
  <testcase name="testSaveStoryGameNotExist" time="0.000" classname="co.edu.icesi.storyTest">
    <skipped/>
  </testcase> <!-- testSaveStoryGameNotExist -->
  <testcase name="testsaveStoryPriorityZero" time="0.000" classname="co.edu.icesi.storyTest">
    <skipped/>
  </testcase> <!-- testsaveStoryPriorityZero -->
</testsuite> <!-- co.edu.icesi.storyTest -->
