<?xml version="1.0" encoding="UTF-8"?>
<!-- Generated by org.testng.reporters.JUnitReportReporter -->
<testsuite skipped="2" hostname="APc" name="co.icesi.edu.Integration.TemaTest" tests="2" failures="0" timestamp="2020-05-12T17:40:58 COT" time="0.000" errors="0">
  <testcase name="testSaveTema" time="0.000" classname="co.icesi.edu.Integration.TemaTest">
    <skipped/>
  </testcase> <!-- testSaveTema -->
  <testcase name="testEditTema" time="0.000" classname="co.icesi.edu.Integration.TemaTest">
    <skipped/>
  </testcase> <!-- testEditTema -->
</testsuite> <!-- co.icesi.edu.Integration.TemaTest -->
