<?xml version="1.0" encoding="UTF-8"?>
<!-- Generated by org.testng.reporters.JUnitReportReporter -->
<testsuite skipped="2" hostname="APc" name="co.icesi.edu.Integration.storyTest" tests="2" failures="0" timestamp="2020-05-12T17:40:58 COT" time="0.000" errors="0">
  <testcase name="testSaveStory" time="0.000" classname="co.icesi.edu.Integration.storyTest">
    <skipped/>
  </testcase> <!-- testSaveStory -->
  <testcase name="testEditStory" time="0.000" classname="co.icesi.edu.Integration.storyTest">
    <skipped/>
  </testcase> <!-- testEditStory -->
</testsuite> <!-- co.icesi.edu.Integration.storyTest -->
