<?xml version="1.0" encoding="UTF-8"?>
<!-- Generated by org.testng.reporters.JUnitReportReporter -->
<testsuite skipped="12" hostname="APc" name="co.edu.icesi.JuegosTest" tests="12" failures="0" timestamp="2020-05-12T17:40:58 COT" time="0.000" errors="0">
  <testcase name="testSaveGameNull" time="0.000" classname="co.edu.icesi.JuegosTest">
    <skipped/>
  </testcase> <!-- testSaveGameNull -->
  <testcase name="testSaveGameExist" time="0.000" classname="co.edu.icesi.JuegosTest">
    <skipped/>
  </testcase> <!-- testSaveGameExist -->
  <testcase name="testSaveGameTemaNotNull" time="0.000" classname="co.edu.icesi.JuegosTest">
    <skipped/>
  </testcase> <!-- testSaveGameTemaNotNull -->
  <testcase name="testSaveGame2SameStories" time="0.000" classname="co.edu.icesi.JuegosTest">
    <skipped/>
  </testcase> <!-- testSaveGame2SameStories -->
  <testcase name="testEditGameNull" time="0.000" classname="co.edu.icesi.JuegosTest">
    <skipped/>
  </testcase> <!-- testEditGameNull -->
  <testcase name="testSaveGame2SameTimeControl" time="0.000" classname="co.edu.icesi.JuegosTest">
    <skipped/>
  </testcase> <!-- testSaveGame2SameTimeControl -->
  <testcase name="testEditGameGroupsZero" time="0.000" classname="co.edu.icesi.JuegosTest">
    <skipped/>
  </testcase> <!-- testEditGameGroupsZero -->
  <testcase name="testSaveGame2TopicNull" time="0.000" classname="co.edu.icesi.JuegosTest">
    <skipped/>
  </testcase> <!-- testSaveGame2TopicNull -->
  <testcase name="testSaveGameGroupsZero" time="0.000" classname="co.edu.icesi.JuegosTest">
    <skipped/>
  </testcase> <!-- testSaveGameGroupsZero -->
  <testcase name="testSaveGame2TopicExist" time="0.000" classname="co.edu.icesi.JuegosTest">
    <skipped/>
  </testcase> <!-- testSaveGame2TopicExist -->
  <testcase name="testEditGameSpringZero" time="0.000" classname="co.edu.icesi.JuegosTest">
    <skipped/>
  </testcase> <!-- testEditGameSpringZero -->
  <testcase name="testSaveGameSpringZero" time="0.000" classname="co.edu.icesi.JuegosTest">
    <skipped/>
  </testcase> <!-- testSaveGameSpringZero -->
</testsuite> <!-- co.edu.icesi.JuegosTest -->
